nohup: ignoring input
INFO [09-07|09:24:34.339] Maximum peer count                       ETH=50 LES=0 total=50
WARN [09-07|09:24:34.339] The flag --rpc is deprecated and will be removed in the future, please use --http 
WARN [09-07|09:24:34.339] The flag --rpcaddr is deprecated and will be removed in the future, please use --http.addr 
WARN [09-07|09:24:34.339] The flag --rpcapi is deprecated and will be removed in the future, please use --http.api 
WARN [09-07|09:24:34.339] The flag --rpcvhosts is deprecated and will be removed in the future, please use --http.vhosts 
WARN [09-07|09:24:34.339] The flag --wsaddr is deprecated and will be removed in the future, please use --ws.addr 
WARN [09-07|09:24:34.339] The flag --wsorigins is deprecated and will be removed in the future, please use --ws.origins 
INFO [09-07|09:24:34.339] Smartcard socket not found, disabling    err="stat /run/pcscd/pcscd.comm: no such file or directory"
INFO [09-07|09:24:34.340] Set global gas cap                       cap=25000000
INFO [09-07|09:24:34.340] Allocated trie memory caches             clean=256.00MiB dirty=256.00MiB
INFO [09-07|09:24:34.341] Allocated cache and file handles         database=/home/chunqizhi/gopath/src/github.com/chunqizhi/go-ethereum/otherMiner/data/geth/chaindata cache=512.00MiB handles=524288
INFO [09-07|09:24:34.441] Opened ancient database                  database=/home/chunqizhi/gopath/src/github.com/chunqizhi/go-ethereum/otherMiner/data/geth/chaindata/ancient
INFO [09-07|09:24:34.442] Initialised chain configuration          config="{ChainID: 4857 Homestead: 0 DAO: <nil> DAOSupport: false EIP150: 0 EIP155: 0 EIP158: 0 Byzantium: 0 Constantinople: 0 Petersburg: <nil> Istanbul: <nil>, Muir Glacier: <nil>, YOLO v1: <nil>, Engine: unknown}"
INFO [09-07|09:24:34.442] Disk storage enabled for ethash caches   dir=/home/chunqizhi/gopath/src/github.com/chunqizhi/go-ethereum/otherMiner/data/geth/ethash count=3
INFO [09-07|09:24:34.442] Disk storage enabled for ethash DAGs     dir=/home/chunqizhi/.ethash count=2
INFO [09-07|09:24:34.442] Initialising Ethereum protocol           versions="[65 64 63]" network=4857 dbversion=<nil>
WARN [09-07|09:24:34.442] Upgrade blockchain database version      from=<nil> to=7
INFO [09-07|09:24:34.442] Loaded most recent local header          number=0 hash="d6c318…9db8b9" td=4194304 age=51y5mo2d
INFO [09-07|09:24:34.442] Loaded most recent local full block      number=0 hash="d6c318…9db8b9" td=4194304 age=51y5mo2d
INFO [09-07|09:24:34.442] Loaded most recent local fast block      number=0 hash="d6c318…9db8b9" td=4194304 age=51y5mo2d
INFO [09-07|09:24:34.442] Regenerated local transaction journal    transactions=0 accounts=0
INFO [09-07|09:24:34.451] Allocated fast sync bloom                size=512.00MiB
INFO [09-07|09:24:34.452] Starting peer-to-peer node               instance=Geth/v1.9.19-stable-801de3e1/linux-amd64/go1.15
INFO [09-07|09:24:34.453] Initialized fast sync bloom              items=1 errorrate=0.000 elapsed=1.800ms
INFO [09-07|09:24:34.470] New local node record                    seq=1 id=2dd846ea0bf13363 ip=127.0.0.1 udp=30303 tcp=30303
INFO [09-07|09:24:34.471] Started P2P networking                   self=enode://22033b3f131b197f25ba8690187189ea5daa46947d0e2a75db1ff41bec36413e2bea91f66fadf3c4f53882c30308c9306729bc6512994c5cdcbbc0f4b5c568fc@127.0.0.1:30303
INFO [09-07|09:24:34.472] IPC endpoint opened                      url=/home/chunqizhi/gopath/src/github.com/chunqizhi/go-ethereum/otherMiner/data/geth.ipc
INFO [09-07|09:24:34.472] HTTP server started                      endpoint=[::]:8545 cors= vhosts=*
INFO [09-07|09:24:34.472] WebSocket enabled                        url=ws://[::]:8546
INFO [09-07|09:24:35.866] New local node record                    seq=2 id=2dd846ea0bf13363 ip=113.65.211.81 udp=23719 tcp=30303
INFO [09-07|09:24:44.609] Looking for peers                        peercount=0 tried=107 static=0
INFO [09-07|09:24:54.723] Looking for peers                        peercount=0 tried=83  static=0
INFO [09-07|09:25:04.725] Looking for peers                        peercount=2 tried=35  static=0
INFO [09-07|09:25:15.889] Looking for peers                        peercount=0 tried=42  static=0
INFO [09-07|09:25:25.942] Looking for peers                        peercount=1 tried=99  static=0
INFO [09-07|09:25:36.503] Looking for peers                        peercount=0 tried=19  static=0
INFO [09-07|09:25:46.892] Looking for peers                        peercount=0 tried=84  static=0
WARN [09-07|09:25:51.416] Served eth_coinbase                      reqid=3 t="24.103µs" err="etherbase must be explicitly specified"
INFO [09-07|09:26:07.748] Looking for peers                        peercount=0 tried=36  static=0
INFO [09-07|09:26:16.149] Got interrupt, shutting down... 
INFO [09-07|09:26:16.653] HTTP server stopped                      endpoint=[::]:8545
INFO [09-07|09:26:17.153] HTTP server stopped                      endpoint=[::]:8546
INFO [09-07|09:26:17.154] IPC endpoint closed                      url=/home/chunqizhi/gopath/src/github.com/chunqizhi/go-ethereum/otherMiner/data/geth.ipc
INFO [09-07|09:26:17.216] Deallocated fast sync bloom              items=1 errorrate=0.000
INFO [09-07|09:26:17.216] Ethereum protocol stopped 
INFO [09-07|09:26:17.216] Transaction pool stopped 
INFO [09-07|09:26:17.216] Writing clean trie cache to disk         path=/home/chunqizhi/gopath/src/github.com/chunqizhi/go-ethereum/otherMiner/data/geth/triecache threads=4
INFO [09-07|09:26:17.217] Persisted the clean trie cache           path=/home/chunqizhi/gopath/src/github.com/chunqizhi/go-ethereum/otherMiner/data/geth/triecache elapsed="819.368µs"
INFO [09-07|09:26:17.217] Blockchain stopped 
